{"f:\\Jenkins_test\\nodejs\\nodejs\\test.js":{"path":"f:\\Jenkins_test\\nodejs\\nodejs\\test.js","s":{"1":1,"2":1,"3":1,"4":1,"5":1,"6":1,"7":1,"8":1,"9":1},"b":{},"f":{"1":1,"2":1},"fnMap":{"1":{"name":"(anonymous_1)","line":9,"loc":{"start":{"line":9,"column":34},"end":{"line":9,"column":45}}},"2":{"name":"(anonymous_2)","line":10,"loc":{"start":{"line":10,"column":21},"end":{"line":10,"column":32}}}},"statementMap":{"1":{"start":{"line":1,"column":0},"end":{"line":1,"column":31}},"2":{"start":{"line":2,"column":0},"end":{"line":2,"column":36}},"3":{"start":{"line":3,"column":0},"end":{"line":3,"column":29}},"4":{"start":{"line":4,"column":0},"end":{"line":4,"column":38}},"5":{"start":{"line":5,"column":0},"end":{"line":5,"column":19}},"6":{"start":{"line":6,"column":0},"end":{"line":6,"column":37}},"7":{"start":{"line":9,"column":0},"end":{"line":15,"column":3}},"8":{"start":{"line":10,"column":5},"end":{"line":12,"column":7}},"9":{"start":{"line":11,"column":6},"end":{"line":11,"column":41}}},"branchMap":{}},"f:\\Jenkins_test\\nodejs\\nodejs\\utils.js":{"path":"f:\\Jenkins_test\\nodejs\\nodejs\\utils.js","s":{"1":1,"2":1},"b":{},"f":{"1":1},"fnMap":{"1":{"name":"(anonymous_1)","line":5,"loc":{"start":{"line":5,"column":27},"end":{"line":5,"column":38}}}},"statementMap":{"1":{"start":{"line":5,"column":0},"end":{"line":7,"column":1}},"2":{"start":{"line":6,"column":1},"end":{"line":6,"column":10}}},"branchMap":{}}}